<?xml version="1.0" encoding="UTF-8" ?>
<testsuite errors="0" failures="0" hostname="vinzor" name="ImageProcessorTest" tests="10" time="14.713" timestamp="2018-05-05T16:54:54">
  <properties>
    <property name="ant.project.invoked-targets" value="junit" />
    <property name="java.runtime.name" value="Java(TM) SE Runtime Environment" />
    <property name="sun.boot.library.path" value="/usr/lib/jvm/jdk1.8.0_91/jre/lib/amd64" />
    <property name="java.vm.version" value="25.91-b14" />
    <property name="ant.library.dir" value="/usr/share/ant/lib" />
    <property name="ant.file.TestImageProcessorJunit" value="/home/administrator/Desktop/GridWorld/Section3/ImageReader/build.xml" />
    <property name="ant.version" value="Apache Ant(TM) version 1.8.2 compiled on December 3 2011" />
    <property name="ant.java.version" value="1.7" />
    <property name="java.vm.vendor" value="Oracle Corporation" />
    <property name="java.vendor.url" value="http://java.oracle.com/" />
    <property name="path.separator" value=":" />
    <property name="java.vm.name" value="Java HotSpot(TM) 64-Bit Server VM" />
    <property name="file.encoding.pkg" value="sun.io" />
    <property name="user.country" value="US" />
    <property name="sun.java.launcher" value="SUN_STANDARD" />
    <property name="sun.os.patch.level" value="unknown" />
    <property name="java.vm.specification.name" value="Java Virtual Machine Specification" />
    <property name="user.dir" value="/home/administrator/Desktop/GridWorld/Section3/ImageReader" />
    <property name="java.runtime.version" value="1.8.0_91-b14" />
    <property name="java.awt.graphicsenv" value="sun.awt.X11GraphicsEnvironment" />
    <property name="basedir" value="/home/administrator/Desktop/GridWorld/Section3/ImageReader" />
    <property name="java.endorsed.dirs" value="/usr/lib/jvm/jdk1.8.0_91/jre/lib/endorsed" />
    <property name="os.arch" value="amd64" />
    <property name="ant.project.default-target" value="junit" />
    <property name="java.io.tmpdir" value="/tmp" />
    <property name="ant.core.lib" value="/usr/share/ant/lib/ant.jar" />
    <property name="line.separator" value="&#xa;" />
    <property name="java.vm.specification.vendor" value="Oracle Corporation" />
    <property name="os.name" value="Linux" />
    <property name="ant.home" value="/usr/share/ant" />
    <property name="ant.project.name" value="TestImageProcessorJunit" />
    <property name="sun.jnu.encoding" value="UTF-8" />
    <property name="java.library.path" value="/usr/java/packages/lib/amd64:/usr/lib64:/lib64:/lib:/usr/lib" />
    <property name="java.specification.name" value="Java Platform API Specification" />
    <property name="java.class.version" value="52.0" />
    <property name="sun.management.compiler" value="HotSpot 64-Bit Tiered Compilers" />
    <property name="lib.path" value="/home/administrator/Desktop/GridWorld/Section3/ImageReader/lib" />
    <property name="report.path" value="/home/administrator/Desktop/GridWorld/Section3/ImageReader/report" />
    <property name="os.version" value="3.13.0-32-generic" />
    <property name="ant.file" value="/home/administrator/Desktop/GridWorld/Section3/ImageReader/build.xml" />
    <property name="user.home" value="/home/administrator" />
    <property name="src.path" value="/home/administrator/Desktop/GridWorld/Section3/ImageReader/src" />
    <property name="user.timezone" value="" />
    <property name="java.awt.printerjob" value="sun.print.PSPrinterJob" />
    <property name="java.specification.version" value="1.8" />
    <property name="file.encoding" value="UTF-8" />
    <property name="user.name" value="administrator" />
    <property name="java.class.path" value="/usr/share/ant/lib/ant-launcher.jar:/usr/share/java/xmlParserAPIs.jar:/usr/share/java/xercesImpl.jar:/usr/share/ant/lib/ant-junit.jar:/usr/share/ant/lib/ant-javamail.jar:/usr/share/ant/lib/junit.jar:/usr/share/ant/lib/ant-apache-bcel.jar:/usr/share/ant/lib/ant-apache-log4j.jar:/usr/share/ant/lib/ant-apache-regexp.jar:/usr/share/ant/lib/ant-jmf.jar:/usr/share/ant/lib/ant-launcher.jar:/usr/share/ant/lib/ant-apache-resolver.jar:/usr/share/ant/lib/ant-swing.jar:/usr/share/ant/lib/ant-apache-oro.jar:/usr/share/ant/lib/ant-apache-bsf.jar:/usr/share/ant/lib/ant-antlr.jar:/usr/share/ant/lib/ant-jsch.jar:/usr/share/ant/lib/ant.jar:/usr/share/ant/lib/ant-jdepend.jar:/usr/share/ant/lib/ant-commons-net.jar:/usr/share/ant/lib/ant-commons-logging.jar:/usr/share/ant/lib/ant-apache-xalan2.jar:/usr/share/ant/lib/ant-testutil.jar:/usr/share/ant/lib/ant-junit4.jar:/usr/lib/jvm/jdk1.8.0_91/lib/tools.jar" />
    <property name="test.path" value="/home/administrator/Desktop/GridWorld/Section3/ImageReader/test" />
    <property name="ant.file.type.TestImageProcessorJunit" value="file" />
    <property name="java.vm.specification.version" value="1.8" />
    <property name="java.home" value="/usr/lib/jvm/jdk1.8.0_91/jre" />
    <property name="sun.java.command" value="org.apache.tools.ant.launch.Launcher -cp " />
    <property name="sun.arch.data.model" value="64" />
    <property name="java.specification.vendor" value="Oracle Corporation" />
    <property name="user.language" value="en" />
    <property name="awt.toolkit" value="sun.awt.X11.XToolkit" />
    <property name="java.vm.info" value="mixed mode" />
    <property name="java.version" value="1.8.0_91" />
    <property name="java.ext.dirs" value="/usr/lib/jvm/jdk1.8.0_91/jre/lib/ext:/usr/java/packages/lib/ext" />
    <property name="sun.boot.class.path" value="/usr/lib/jvm/jdk1.8.0_91/jre/lib/resources.jar:/usr/lib/jvm/jdk1.8.0_91/jre/lib/rt.jar:/usr/lib/jvm/jdk1.8.0_91/jre/lib/sunrsasign.jar:/usr/lib/jvm/jdk1.8.0_91/jre/lib/jsse.jar:/usr/lib/jvm/jdk1.8.0_91/jre/lib/jce.jar:/usr/lib/jvm/jdk1.8.0_91/jre/lib/charsets.jar:/usr/lib/jvm/jdk1.8.0_91/jre/lib/jfr.jar:/usr/lib/jvm/jdk1.8.0_91/jre/classes" />
    <property name="java.vendor" value="Oracle Corporation" />
    <property name="dest.path" value="/home/administrator/Desktop/GridWorld/Section3/ImageReader/dest" />
    <property name="file.separator" value="/" />
    <property name="java.vendor.url.bug" value="http://bugreport.sun.com/bugreport/" />
    <property name="sun.cpu.endian" value="little" />
    <property name="sun.io.unicode.encoding" value="UnicodeLittle" />
    <property name="ant.file.type" value="file" />
    <property name="sun.desktop" value="gnome" />
    <property name="sun.cpu.isalist" value="" />
  </properties>
  <testcase classname="ImageProcessorTest" name="testIOOne" time="0.702" />
  <testcase classname="ImageProcessorTest" name="testRedOne" time="0.587" />
  <testcase classname="ImageProcessorTest" name="testGreenOne" time="0.554" />
  <testcase classname="ImageProcessorTest" name="testBlueOne" time="0.556" />
  <testcase classname="ImageProcessorTest" name="testGrayOne" time="0.563" />
  <testcase classname="ImageProcessorTest" name="testIOTwo" time="2.359" />
  <testcase classname="ImageProcessorTest" name="testRedTwo" time="2.322" />
  <testcase classname="ImageProcessorTest" name="testGreenTwo" time="2.391" />
  <testcase classname="ImageProcessorTest" name="testBlueTwo" time="2.321" />
  <testcase classname="ImageProcessorTest" name="testGrayTwo" time="2.316" />
  <system-out><![CDATA[]]></system-out>
  <system-err><![CDATA[]]></system-err>
</testsuite>
